d:\training\guidedhacking\actrainer\actrainer\actrainer\debug\vc143.pdb
d:\training\guidedhacking\actrainer\actrainer\actrainer\debug\vc143.idb
d:\training\guidedhacking\actrainer\actrainer\actrainer\debug\process.obj
d:\training\guidedhacking\actrainer\actrainer\actrainer\debug\playerobjclassstructs.obj
d:\training\guidedhacking\actrainer\actrainer\actrainer\debug\cheats.obj
d:\training\guidedhacking\actrainer\actrainer\actrainer\debug\actrainer.obj
d:\training\guidedhacking\actrainer\actrainer\actrainer\debug\support.obj
d:\training\guidedhacking\actrainer\actrainer\debug\actrainer.dll
d:\training\guidedhacking\actrainer\actrainer\actrainer\debug\actrainer.ilk
d:\training\guidedhacking\actrainer\actrainer\debug\actrainer.pdb
d:\training\guidedhacking\actrainer\actrainer\actrainer\debug\actrainer.tlog\cl.read.1.tlog
d:\training\guidedhacking\actrainer\actrainer\actrainer\debug\actrainer.tlog\cl.write.1.tlog
d:\training\guidedhacking\actrainer\actrainer\actrainer\debug\actrainer.tlog\cl.command.1.tlog
d:\training\guidedhacking\actrainer\actrainer\actrainer\debug\actrainer.tlog\link.read.1.tlog
d:\training\guidedhacking\actrainer\actrainer\actrainer\debug\actrainer.tlog\link.write.1.tlog
d:\training\guidedhacking\actrainer\actrainer\actrainer\debug\actrainer.tlog\link.command.1.tlog
d:\training\guidedhacking\actrainer\actrainer\actrainer\debug\actrainer.tlog\cl.items.tlog
d:\training\guidedhacking\actrainer\actrainer\actrainer\debug\actrainer.tlog\link.26280-rc.read.1.tlog
d:\training\guidedhacking\actrainer\actrainer\actrainer\debug\actrainer.tlog\link.26280-rc.write.1.tlog
d:\training\guidedhacking\actrainer\actrainer\actrainer\debug\actrainer.tlog\link.26280-cvtres.read.1.tlog
d:\training\guidedhacking\actrainer\actrainer\actrainer\debug\actrainer.tlog\link.26280-cvtres.write.1.tlog
d:\training\guidedhacking\actrainer\actrainer\actrainer\debug\actrainer.tlog\link.26280.read.1.tlog
d:\training\guidedhacking\actrainer\actrainer\actrainer\debug\actrainer.tlog\link.26280.write.1.tlog
d:\training\guidedhacking\actrainer\actrainer\actrainer\debug\actrainer.tlog\link-rc.read.1.tlog
d:\training\guidedhacking\actrainer\actrainer\actrainer\debug\actrainer.tlog\link-rc.write.1.tlog
d:\training\guidedhacking\actrainer\actrainer\actrainer\debug\actrainer.tlog\link-cvtres.read.1.tlog
d:\training\guidedhacking\actrainer\actrainer\actrainer\debug\actrainer.tlog\link-cvtres.write.1.tlog
